<?xml version="1.0" encoding="UTF-8"?>
<!-- Generated by org.testng.reporters.JUnitReportReporter -->
<testsuite hostname="LAPTOP-OVVQL70O" failures="0" tests="1" name="Testcase.LoginTest" time="3.143" errors="0" timestamp="2021-12-22T17:15:12 MEZ" skipped="0">
  <testcase classname="Testcase.LoginTest" name="LoginTest1" time="3.143"/>
  <system-out/>
</testsuite> <!-- Testcase.LoginTest -->
