<?xml version="1.0" encoding="UTF-8"?>
<!-- Generated by org.testng.reporters.JUnitReportReporter -->
<testsuite hostname="LAPTOP-OVVQL70O" failures="0" tests="17" name="Testcase.TestPlan" time="22.095" errors="0" timestamp="2021-12-22T16:38:46 MEZ" skipped="0">
  <testcase classname="Testcase.TestPlan" name="RegisterTest" time="4.567"/>
  <system-out/>
  <testcase classname="Testcase.TestPlan" name="LoginTest" time="2.295"/>
  <system-out/>
  <testcase classname="Testcase.TestPlan" name="AddBook1ToCartTest" time="1.642"/>
  <system-out/>
  <testcase classname="Testcase.TestPlan" name="AddBook2ToCartTest" time="1.120"/>
  <system-out/>
  <testcase classname="Testcase.TestPlan" name="ShoppingCardClickTest" time="0.719"/>
  <system-out/>
  <testcase classname="Testcase.TestPlan" name="PreisBook1" time="0.401"/>
  <system-out/>
  <testcase classname="Testcase.TestPlan" name="PreisBook2" time="0.389"/>
  <system-out/>
  <testcase classname="Testcase.TestPlan" name="UpdateCartTest" time="1.317"/>
  <system-out/>
  <testcase classname="Testcase.TestPlan" name="EstimateShippingTest" time="3.031"/>
  <system-out/>
  <testcase classname="Testcase.TestPlan" name="BillingAddressTest" time="0.591"/>
  <system-out/>
  <testcase classname="Testcase.TestPlan" name="ShippingAddressTest" time="0.600"/>
  <system-out/>
  <testcase classname="Testcase.TestPlan" name="ShippingMethodTest" time="0.599"/>
  <system-out/>
  <testcase classname="Testcase.TestPlan" name="PaymentMethodTest" time="0.601"/>
  <system-out/>
  <testcase classname="Testcase.TestPlan" name="PaymentInformationTest" time="0.636"/>
  <system-out/>
  <testcase classname="Testcase.TestPlan" name="ConfirmOrderTest" time="0.604"/>
  <system-out/>
  <testcase classname="Testcase.TestPlan" name="successOrderTest" time="2.059"/>
  <system-out/>
  <testcase classname="Testcase.TestPlan" name="OrderEndTest" time="0.924"/>
  <system-out/>
</testsuite> <!-- Testcase.TestPlan -->
